<?xml version="1.0" encoding="UTF-8"?>
<!-- Generated by org.testng.reporters.JUnitReportReporter -->
<testsuite hostname="LAPTOP-3BL16AQ1" failures="0" tests="3" name="Pages.TestNGExamplek" time="12.610" errors="0" timestamp="2022-05-19T19:31:07 IST" skipped="0">
  <testcase classname="Pages.TestNGExamplek" name="login" time="6.410"/>
  <system-out/>
  <testcase classname="Pages.TestNGExamplek" name="enterUsername" time="5.612"/>
  <system-out/>
  <testcase classname="Pages.TestNGExamplek" name="enterPassword" time="0.588"/>
  <system-out/>
</testsuite> <!-- Pages.TestNGExamplek -->
