<?xml version="1.0" encoding="UTF-8"?>
<!-- Generated by org.testng.reporters.JUnitReportReporter -->
<testsuite hostname="LAPTOP-3BL16AQ1" failures="0" tests="2" name="Tests.Login_And_Logout" time="6.531" errors="0" timestamp="2022-05-19T07:37:43 IST" skipped="0">
  <testcase classname="Tests.Login_And_Logout" name="enterCredentials" time="5.172"/>
  <system-out/>
  <testcase classname="Tests.Login_And_Logout" name="logoutApplication" time="1.359"/>
  <system-out/>
</testsuite> <!-- Tests.Login_And_Logout -->
