<?xml version="1.0" encoding="UTF-8"?>
<!-- Generated by org.testng.reporters.JUnitReportReporter -->
<testsuite hostname="LAPTOP-3BL16AQ1" failures="0" tests="2" name="Tests.ForgotPassword" time="2.583" errors="0" timestamp="2022-05-19T07:22:19 IST" skipped="0">
  <testcase classname="Tests.ForgotPassword" name="clickForgotPassword" time="1.429"/>
  <system-out/>
  <testcase classname="Tests.ForgotPassword" name="enterOrangeHRMUsername" time="1.154"/>
  <system-out/>
</testsuite> <!-- Tests.ForgotPassword -->
