<?xml version="1.0" encoding="UTF-8"?>
<!-- Generated by org.testng.reporters.JUnitReportReporter -->
<testsuite hostname="LAPTOP-3BL16AQ1" failures="0" tests="1" name="Listeners.Listernershandling" time="0.204" errors="0" timestamp="2022-05-18T07:36:59 IST" skipped="0">
  <testcase classname="Listeners.Listernershandling" name="verifyTitle" time="0.204"/>
  <system-out/>
</testsuite> <!-- Listeners.Listernershandling -->
